[NX v22.5.1 Daemon Client] - 2026-02-14T14:24:45.324Z - [Client] Starting new daemon server in background
[NX v22.5.1 Daemon Client] - 2026-02-14T14:24:45.344Z - [Client] Waiting for server (max: 6000 attempts, 10ms interval)
[NX v22.5.1 Daemon Server] - 2026-02-14T14:24:46.717Z - New daemon starting from: c:\Users\Dell\Downloads\hello\my-monorepo\node_modules\nx\src\daemon\server\server.js
[NX v22.5.1 Daemon Server] - 2026-02-14T14:24:46.719Z - New daemon __dirname: c:\Users\Dell\Downloads\hello\my-monorepo\node_modules\nx\src\daemon\server
[NX v22.5.1 Daemon Server] - 2026-02-14T14:24:46.719Z - New daemon nxVersion: 22.5.1
[NX v22.5.1 Daemon Server] - 2026-02-14T14:24:46.721Z - New daemon getInstalledNxVersion(): 22.5.1
[NX v22.5.1 Daemon Server] - 2026-02-14T14:24:46.727Z - [Server] Starting outdated check interval (20ms)
[NX v22.5.1 Daemon Server] - 2026-02-14T14:24:46.731Z - Started listening on: \\.\pipe\nx\C:\Users\Dell\AppData\Local\Temp\c7520cd0ef8f78d6d629\d.sock
[NX v22.5.1 Daemon Server] - 2026-02-14T14:24:46.736Z - [WATCHER]: Subscribed to changes within: c:\Users\Dell\Downloads\hello\my-monorepo (native)
[NX v22.5.1 Daemon Server] - 2026-02-14T14:24:46.750Z - [NX-CONSOLE]: Pulling latest Nx (latest) to check console status...
[NX v22.5.1 Daemon Client] - 2026-02-14T14:24:46.755Z - [Client] Server available after 65 attempts
[NX v22.5.1 Daemon Client] - 2026-02-14T14:24:46.756Z - [Client] Daemon server started, pid=14308
Fetching nx...
[NX v22.5.1 Daemon Client] - 2026-02-14T14:24:46.938Z - [Messenger] Setting up socket listeners
[NX v22.5.1 Daemon Client] - 2026-02-14T14:24:46.940Z - [Messenger] listen() complete
[NX v22.5.1 Daemon Client] - 2026-02-14T14:24:46.944Z - [Messenger] Sending message type: REQUEST_PROJECT_GRAPH
[NX v22.5.1 Daemon Client] - 2026-02-14T14:24:46.945Z - [Messenger] Message sent
[NX v22.5.1 Daemon Server] - 2026-02-14T14:24:49.308Z - Established a connection. Number of open connections: 1
[NX v22.5.1 Daemon Server] - 2026-02-14T14:24:49.310Z - Established a connection. Number of open connections: 2
[NX v22.5.1 Daemon Server] - 2026-02-14T14:24:49.311Z - Established a connection. Number of open connections: 3
[NX v22.5.1 Daemon Server] - 2026-02-14T14:24:49.315Z - Closed a connection. Number of open connections: 2
[NX v22.5.1 Daemon Server] - 2026-02-14T14:24:49.316Z - Closed a connection. Number of open connections: 1
[NX v22.5.1 Daemon Server] - 2026-02-14T14:24:49.327Z - Received raw message of length 32
[NX v22.5.1 Daemon Server] - 2026-02-14T14:24:49.327Z - Received json message of type REQUEST_PROJECT_GRAPH
[NX v22.5.1 Daemon Server] - 2026-02-14T14:24:49.328Z - [REQUEST]: Client Request for Project Graph Received
Time for 'plugin worker 12848 code loading' 108.82790000000003
Time for 'plugin worker 9300 code loading' 102.87190000000001
[NX v22.5.1 Daemon Server] - 2026-02-14T14:24:49.530Z - Time taken for 'start-plugin-worker:c:\Users\Dell\Downloads\hello\my-monorepo\node_modules\nx\src\plugins\js' 438.4934000000003ms
Time for 'plugin worker 4652 code loading' 120.22000000000003
[NX v22.5.1 Daemon Server] - 2026-02-14T14:24:49.644Z - Time taken for 'start-plugin-worker:@nx/js/typescript' 547.5783999999999ms
Time for 'plugin worker 11824 code loading' 94.07159999999999
Time for 'plugin worker 1596 code loading' 118.2259
[NX v22.5.1 Daemon Server] - 2026-02-14T14:24:49.762Z - Time taken for 'start-plugin-worker:c:\Users\Dell\Downloads\hello\my-monorepo\node_modules\nx\src\plugins\project-json\build-nodes\project-json' 679.4449999999997ms
[NX v22.5.1 Daemon Server] - 2026-02-14T14:24:49.768Z - Time taken for 'start-plugin-worker:@nx/eslint/plugin' 646.1792ms
Time for 'plugin worker 5836 code loading' 84.75469999999999
Time for 'plugin worker 9420 code loading' 102.66600000000003
[NX v22.5.1 Daemon Server] - 2026-02-14T14:24:50.117Z - Time taken for 'start-plugin-worker:@nx/cypress/plugin' 963.6339999999996ms
Time for 'plugin worker 14280 code loading' 140.06810000000002
[NX v22.5.1 Daemon Server] - 2026-02-14T14:24:50.302Z - Time taken for 'start-plugin-worker:@nx/jest/plugin' 1136.5765999999999ms
[NX v22.5.1 Daemon Server] - 2026-02-14T14:24:51.963Z - Time taken for 'Load Nx Plugin: c:\Users\Dell\Downloads\hello\my-monorepo\node_modules\nx\src\plugins\js' 2924.9945000000002ms
[NX v22.5.1 Daemon Server] - 2026-02-14T14:24:52.019Z - Time taken for 'Load Nx Plugin: c:\Users\Dell\Downloads\hello\my-monorepo\node_modules\nx\src\plugins\package-json' 2978.5629ms
[NX v22.5.1 Daemon Server] - 2026-02-14T14:24:52.824Z - [WATCHER]: 0 file(s) created or restored, 0 file(s) modified, 0 file(s) deleted
[NX v22.5.1 Daemon Server] - 2026-02-14T14:24:52.825Z - Time taken for 'loadDefaultNxPlugins' 3787.627ms
[NX v22.5.1 Daemon Server] - 2026-02-14T14:24:53.163Z - [WATCHER]: 0 file(s) created or restored, 0 file(s) modified, 0 file(s) deleted
[NX v22.5.1 Daemon Server] - 2026-02-14T14:24:53.316Z - [WATCHER]: 2 file(s) created or restored, 0 file(s) modified, 0 file(s) deleted
[NX v22.5.1 Daemon Server] - 2026-02-14T14:24:53.318Z - [SYNC]: clearing sync generators cache due to file changes
[NX v22.5.1 Daemon Server] - 2026-02-14T14:24:53.445Z - [WATCHER]: apps/example/server/tsconfig.spec.json was modified
[NX v22.5.1 Daemon Server] - 2026-02-14T14:24:53.467Z - [SYNC]: clearing sync generators cache due to file changes
[NX v22.5.1 Daemon Server] - 2026-02-14T14:24:53.715Z - [WATCHER]: 0 file(s) created or restored, 0 file(s) modified, 0 file(s) deleted
[NX v22.5.1 Daemon Server] - 2026-02-14T14:24:53.918Z - [WATCHER]: 0 file(s) created or restored, 0 file(s) modified, 0 file(s) deleted
[NX v22.5.1 Daemon Server] - 2026-02-14T14:24:54.110Z - [WATCHER]: 0 file(s) created or restored, 0 file(s) modified, 0 file(s) deleted
[NX v22.5.1 Daemon Server] - 2026-02-14T14:24:54.193Z - [WATCHER]: 0 file(s) created or restored, 0 file(s) modified, 0 file(s) deleted
[NX v22.5.1 Daemon Server] - 2026-02-14T14:24:57.139Z - Time taken for 'Load Nx Plugin: @nx/js/typescript' 8094.306799999999ms
[NX v22.5.1 Daemon Server] - 2026-02-14T14:24:57.858Z - Time taken for 'Load Nx Plugin: @nx/jest/plugin' 8805.4311ms
[NX v22.5.1 Daemon Server] - 2026-02-14T14:24:58.457Z - Time taken for 'Load Nx Plugin: @nx/eslint/plugin' 9407.6224ms
[NX v22.5.1 Daemon Server] - 2026-02-14T14:24:58.510Z - Time taken for 'Load Nx Plugin: @nx/next/plugin' 9462.8104ms
[NX v22.5.1 Daemon Server] - 2026-02-14T14:24:58.987Z - [REQUEST]: Updated workspace context based on watched changes, recomputing project graph...
[NX v22.5.1 Daemon Server] - 2026-02-14T14:24:58.987Z - [REQUEST]: apps/example/server/tsconfig.spec.json,apps/example/server/tsconfig.json
[NX v22.5.1 Daemon Server] - 2026-02-14T14:24:58.987Z - [REQUEST]: 
[NX v22.5.1 Daemon Server] - 2026-02-14T14:24:59.356Z - Recomputing project graph because of 2 updated and 0 deleted files.
[NX v22.5.1 Daemon Server] - 2026-02-14T14:24:59.391Z - [REQUEST]: Updated workspace context based on watched changes, recomputing project graph...
[NX v22.5.1 Daemon Server] - 2026-02-14T14:24:59.391Z - [REQUEST]: apps/example/server/tsconfig.spec.json,apps/example/server/tsconfig.json
[NX v22.5.1 Daemon Server] - 2026-02-14T14:24:59.391Z - [REQUEST]: 
[NX v22.5.1 Daemon Server] - 2026-02-14T14:24:59.396Z - [REQUEST]: Updated workspace context based on watched changes, recomputing project graph...
[NX v22.5.1 Daemon Server] - 2026-02-14T14:24:59.396Z - [REQUEST]: apps/example/server/tsconfig.spec.json,apps/example/server/tsconfig.json
[NX v22.5.1 Daemon Server] - 2026-02-14T14:24:59.396Z - [REQUEST]: 
[NX v22.5.1 Daemon Server] - 2026-02-14T14:24:59.401Z - [REQUEST]: Updated workspace context based on watched changes, recomputing project graph...
[NX v22.5.1 Daemon Server] - 2026-02-14T14:24:59.401Z - [REQUEST]: apps/example/server/tsconfig.spec.json,apps/example/server/tsconfig.json
[NX v22.5.1 Daemon Server] - 2026-02-14T14:24:59.402Z - [REQUEST]: 
[NX v22.5.1 Daemon Server] - 2026-02-14T14:24:59.405Z - [REQUEST]: Updated workspace context based on watched changes, recomputing project graph...
[NX v22.5.1 Daemon Server] - 2026-02-14T14:24:59.406Z - [REQUEST]: apps/example/server/tsconfig.spec.json,apps/example/server/tsconfig.json
[NX v22.5.1 Daemon Server] - 2026-02-14T14:24:59.474Z - [REQUEST]: 
[NX v22.5.1 Daemon Server] - 2026-02-14T14:24:59.481Z - [REQUEST]: Updated workspace context based on watched changes, recomputing project graph...
[NX v22.5.1 Daemon Server] - 2026-02-14T14:24:59.481Z - [REQUEST]: apps/example/server/tsconfig.spec.json,apps/example/server/tsconfig.json
[NX v22.5.1 Daemon Server] - 2026-02-14T14:24:59.481Z - [REQUEST]: 
[NX v22.5.1 Daemon Client] - 2026-02-14T14:24:59.571Z - [Messenger] Setting up socket listeners
[NX v22.5.1 Daemon Client] - 2026-02-14T14:24:59.574Z - [Messenger] listen() complete
[NX v22.5.1 Daemon Client] - 2026-02-14T14:24:59.574Z - [Messenger] Setting up socket listeners
[NX v22.5.1 Daemon Client] - 2026-02-14T14:24:59.576Z - [Messenger] Sending message type: HASH_GLOB
[NX v22.5.1 Daemon Client] - 2026-02-14T14:24:59.578Z - [Messenger] listen() complete
[NX v22.5.1 Daemon Client] - 2026-02-14T14:24:59.579Z - [Messenger] Message sent
[NX v22.5.1 Daemon Client] - 2026-02-14T14:24:59.580Z - [Messenger] Sending message type: GLOB
[NX v22.5.1 Daemon Client] - 2026-02-14T14:24:59.582Z - [Messenger] Message sent
[NX v22.5.1 Daemon Server] - 2026-02-14T14:24:59.609Z - Time taken for 'loadSpecifiedNxPlugins' 9896.3627ms
[NX v22.5.1 Daemon Server] - 2026-02-14T14:24:59.615Z - Established a connection. Number of open connections: 2
[NX v22.5.1 Daemon Server] - 2026-02-14T14:24:59.615Z - Established a connection. Number of open connections: 3
[NX v22.5.1 Daemon Server] - 2026-02-14T14:24:59.616Z - Established a connection. Number of open connections: 4
[NX v22.5.1 Daemon Server] - 2026-02-14T14:24:59.617Z - Established a connection. Number of open connections: 5
Time for 'nx/core/project-json:createNodes' 0.9826000000011845
[NX v22.5.1 Daemon Client] - 2026-02-14T14:24:59.637Z - [Messenger] Setting up socket listeners
[NX v22.5.1 Daemon Client] - 2026-02-14T14:24:59.640Z - [Messenger] listen() complete
[NX v22.5.1 Daemon Client] - 2026-02-14T14:24:59.642Z - [Messenger] Sending message type: HASH_GLOB
[NX v22.5.1 Daemon Client] - 2026-02-14T14:24:59.658Z - [Messenger] Message sent
Time for 'nx/js/dependencies-and-lockfile:createNodes' 38.46550000000025
[NX v22.5.1 Daemon Server] - 2026-02-14T14:24:59.687Z - Closed a connection. Number of open connections: 4
[NX v22.5.1 Daemon Server] - 2026-02-14T14:24:59.687Z - Closed a connection. Number of open connections: 3
[NX v22.5.1 Daemon Client] - 2026-02-14T14:24:59.700Z - [Messenger] Setting up socket listeners
[NX v22.5.1 Daemon Client] - 2026-02-14T14:24:59.707Z - [Messenger] listen() complete
[NX v22.5.1 Daemon Client] - 2026-02-14T14:24:59.710Z - [Messenger] Sending message type: HASH_MULTI_GLOB
[NX v22.5.1 Daemon Client] - 2026-02-14T14:24:59.711Z - [Messenger] Message sent
[NX v22.5.1 Daemon Server] - 2026-02-14T14:24:59.741Z - Established a connection. Number of open connections: 4
[NX v22.5.1 Daemon Server] - 2026-02-14T14:24:59.742Z - Established a connection. Number of open connections: 5
[NX v22.5.1 Daemon Server] - 2026-02-14T14:24:59.742Z - Established a connection. Number of open connections: 6
[NX v22.5.1 Daemon Server] - 2026-02-14T14:24:59.743Z - Established a connection. Number of open connections: 7
[NX v22.5.1 Daemon Server] - 2026-02-14T14:24:59.743Z - Closed a connection. Number of open connections: 6
[NX v22.5.1 Daemon Server] - 2026-02-14T14:24:59.744Z - Closed a connection. Number of open connections: 5
Time for 'nx/js/dependencies-and-lockfile:createNodes' 70.26909999999953
Time for 'nx/js/dependencies-and-lockfile:createNodes' 70.6885999999995
Time for 'nx/js/dependencies-and-lockfile:createNodes' 71.64929999999913
Time for 'nx/js/dependencies-and-lockfile:createNodes' 72.19909999999982
Time for 'nx/js/dependencies-and-lockfile:createNodes' 72.3055000000004
Time for 'daemon-message-serialization-HASH_GLOB' 0.3823000000011234
[NX v22.5.1 Daemon Server] - 2026-02-14T14:25:00.816Z - Received raw message of length 67
[NX v22.5.1 Daemon Server] - 2026-02-14T14:25:00.816Z - Received json message of type HASH_GLOB
[NX v22.5.1 Daemon Server] - 2026-02-14T14:25:00.875Z - Serializing response for HASH_GLOB message in json mode
[NX v22.5.1 Daemon Server] - 2026-02-14T14:25:00.875Z - Responding to HASH_GLOB message
[NX v22.5.1 Daemon Server] - 2026-02-14T14:25:00.876Z - [REQUEST]: Responding to the client. handleHashGlob
[NX v22.5.1 Daemon Client] - 2026-02-14T14:25:00.877Z - [Messenger] Received message, length: 21
[NX v22.5.1 Daemon Server] - 2026-02-14T14:25:00.878Z - Received raw message of length 64
[NX v22.5.1 Daemon Server] - 2026-02-14T14:25:00.878Z - Received json message of type HASH_MULTI_GLOB
[NX v22.5.1 Daemon Client] - 2026-02-14T14:25:00.879Z - [Messenger] Sending message type: HASH_GLOB
[NX v22.5.1 Daemon Client] - 2026-02-14T14:25:00.879Z - [Messenger] Message sent
[NX v22.5.1 Daemon Server] - 2026-02-14T14:25:00.895Z - Serializing response for HASH_GLOB message in json mode
[NX v22.5.1 Daemon Server] - 2026-02-14T14:25:00.895Z - Responding to HASH_GLOB message
[NX v22.5.1 Daemon Server] - 2026-02-14T14:25:00.895Z - [REQUEST]: Responding to the client. handleHashMultiGlob
Time for 'daemon-message-serialization-HASH_MULTI_GLOB' 0.28510000000096625
[NX v22.5.1 Daemon Server] - 2026-02-14T14:25:00.895Z - Received raw message of length 63
[NX v22.5.1 Daemon Server] - 2026-02-14T14:25:00.895Z - Received json message of type HASH_GLOB
[NX v22.5.1 Daemon Client] - 2026-02-14T14:25:00.895Z - [Messenger] Received message, length: 23
[NX v22.5.1 Daemon Client] - 2026-02-14T14:25:00.897Z - [Messenger] Sending message type: HASH_MULTI_GLOB
[NX v22.5.1 Daemon Client] - 2026-02-14T14:25:00.898Z - [Messenger] Message sent
[NX v22.5.1 Daemon Server] - 2026-02-14T14:25:00.903Z - Serializing response for HASH_GLOB message in json mode
[NX v22.5.1 Daemon Server] - 2026-02-14T14:25:00.903Z - Responding to HASH_GLOB message
[NX v22.5.1 Daemon Server] - 2026-02-14T14:25:00.903Z - [REQUEST]: Responding to the client. handleHashGlob
Time for 'daemon-message-serialization-HASH_GLOB' 0.2899999999990541
[NX v22.5.1 Daemon Server] - 2026-02-14T14:25:00.904Z - Received raw message of length 73
[NX v22.5.1 Daemon Server] - 2026-02-14T14:25:00.904Z - Received json message of type GLOB
[NX v22.5.1 Daemon Client] - 2026-02-14T14:25:00.904Z - [Messenger] Received message, length: 21
[NX v22.5.1 Daemon Client] - 2026-02-14T14:25:00.906Z - [Messenger] Sending message type: HASH_GLOB
[NX v22.5.1 Daemon Client] - 2026-02-14T14:25:00.907Z - [Messenger] Message sent
[NX v22.5.1 Daemon Server] - 2026-02-14T14:25:00.912Z - Serializing response for GLOB message in json mode
[NX v22.5.1 Daemon Server] - 2026-02-14T14:25:00.912Z - Responding to GLOB message
[NX v22.5.1 Daemon Server] - 2026-02-14T14:25:00.912Z - [REQUEST]: Responding to the client. handleGlob
Time for 'daemon-message-serialization-GLOB' 0.45379999999931897
[NX v22.5.1 Daemon Server] - 2026-02-14T14:25:00.912Z - Done responding to the client handleHashGlob
[NX v22.5.1 Daemon Server] - 2026-02-14T14:25:00.912Z - Handled json message HASH_GLOB. Handling time: 59. Response time: 37.
[NX v22.5.1 Daemon Client] - 2026-02-14T14:25:00.913Z - [Messenger] Received message, length: 648
[NX v22.5.1 Daemon Server] - 2026-02-14T14:25:00.915Z - Received raw message of length 67
[NX v22.5.1 Daemon Server] - 2026-02-14T14:25:00.915Z - Received json message of type HASH_GLOB
[NX v22.5.1 Daemon Client] - 2026-02-14T14:25:00.917Z - [Messenger] Sending message type: GLOB
[NX v22.5.1 Daemon Client] - 2026-02-14T14:25:00.917Z - [Messenger] Message sent
[NX v22.5.1 Daemon Server] - 2026-02-14T14:25:00.919Z - Serializing response for HASH_GLOB message in json mode
[NX v22.5.1 Daemon Server] - 2026-02-14T14:25:00.919Z - Responding to HASH_GLOB message
[NX v22.5.1 Daemon Server] - 2026-02-14T14:25:00.920Z - [REQUEST]: Responding to the client. handleHashGlob
Time for 'HASH_GLOB round trip' 1301.5568000000003
Time for '@nx/cypress/plugin:createNodes' 69.7541999999994
Time for 'deserialize daemon response - HASH_GLOB' 0.17879999999968277
Time for 'daemon-message-serialization-HASH_GLOB' 0.07789999999840802
[NX v22.5.1 Daemon Client] - 2026-02-14T14:25:00.920Z - [Messenger] Received message, length: 21
[NX v22.5.1 Daemon Server] - 2026-02-14T14:25:00.920Z - Done responding to the client handleHashMultiGlob
[NX v22.5.1 Daemon Server] - 2026-02-14T14:25:00.920Z - Handled json message HASH_GLOB. Handling time: 16. Response time: 25.
[NX v22.5.1 Daemon Server] - 2026-02-14T14:25:00.921Z - Received raw message of length 64
[NX v22.5.1 Daemon Server] - 2026-02-14T14:25:00.921Z - Received json message of type HASH_MULTI_GLOB
[NX v22.5.1 Daemon Client] - 2026-02-14T14:25:00.922Z - [Messenger] Sending message type: HASH_GLOB
[NX v22.5.1 Daemon Client] - 2026-02-14T14:25:00.923Z - [Messenger] Message sent
[NX v22.5.1 Daemon Server] - 2026-02-14T14:25:00.929Z - Serializing response for HASH_GLOB message in json mode
[NX v22.5.1 Daemon Server] - 2026-02-14T14:25:00.929Z - Responding to HASH_GLOB message
[NX v22.5.1 Daemon Server] - 2026-02-14T14:25:00.929Z - [REQUEST]: Responding to the client. handleHashMultiGlob
Time for 'HASH_MULTI_GLOB round trip' 1186.116100000001
Time for '@nx/jest/plugin:createNodes' 70.41699999999946
Time for 'deserialize daemon response - HASH_MULTI_GLOB' 0.17320000000108848
Time for 'daemon-message-serialization-HASH_MULTI_GLOB' 0.07530000000042492
[NX v22.5.1 Daemon Server] - 2026-02-14T14:25:00.929Z - Done responding to the client handleHashGlob
[NX v22.5.1 Daemon Server] - 2026-02-14T14:25:00.930Z - Handled json message HASH_GLOB. Handling time: 8. Response time: 27.
[NX v22.5.1 Daemon Client] - 2026-02-14T14:25:00.929Z - [Messenger] Received message, length: 23
[NX v22.5.1 Daemon Server] - 2026-02-14T14:25:00.930Z - Received raw message of length 63
[NX v22.5.1 Daemon Server] - 2026-02-14T14:25:00.930Z - Received json message of type HASH_GLOB
[NX v22.5.1 Daemon Client] - 2026-02-14T14:25:00.931Z - [Messenger] Sending message type: HASH_MULTI_GLOB
[NX v22.5.1 Daemon Client] - 2026-02-14T14:25:00.932Z - [Messenger] Message sent
[NX v22.5.1 Daemon Server] - 2026-02-14T14:25:00.935Z - Serializing response for HASH_GLOB message in json mode
[NX v22.5.1 Daemon Server] - 2026-02-14T14:25:00.935Z - Responding to HASH_GLOB message
[NX v22.5.1 Daemon Server] - 2026-02-14T14:25:00.935Z - [REQUEST]: Responding to the client. handleHashGlob
Time for 'HASH_GLOB round trip' 1262.9053999999996
Time for '@nx/next/plugin:createNodes' 21.428099999999176
Time for 'deserialize daemon response - HASH_GLOB' 0.1761000000005879
Time for 'daemon-message-serialization-HASH_GLOB' 0.10320000000137952
[NX v22.5.1 Daemon Server] - 2026-02-14T14:25:00.936Z - Done responding to the client handleGlob
[NX v22.5.1 Daemon Client] - 2026-02-14T14:25:00.935Z - [Messenger] Received message, length: 21
[NX v22.5.1 Daemon Server] - 2026-02-14T14:25:00.936Z - Handled json message GLOB. Handling time: 8. Response time: 24.
[NX v22.5.1 Daemon Client] - 2026-02-14T14:25:00.937Z - [Messenger] Sending message type: HASH_GLOB
[NX v22.5.1 Daemon Client] - 2026-02-14T14:25:00.938Z - [Messenger] Message sent
[NX v22.5.1 Daemon Server] - 2026-02-14T14:25:00.938Z - Received raw message of length 73
[NX v22.5.1 Daemon Server] - 2026-02-14T14:25:00.939Z - Received json message of type GLOB
[NX v22.5.1 Daemon Server] - 2026-02-14T14:25:00.942Z - Serializing response for GLOB message in json mode
[NX v22.5.1 Daemon Server] - 2026-02-14T14:25:00.942Z - Responding to GLOB message
[NX v22.5.1 Daemon Server] - 2026-02-14T14:25:00.943Z - [REQUEST]: Responding to the client. handleGlob
Time for 'GLOB round trip' 1334.1458999999995
Time for 'deserialize daemon response - GLOB' 0.16499999999905413
Time for 'daemon-message-serialization-GLOB' 0.08219999999892025
[NX v22.5.1 Daemon Server] - 2026-02-14T14:25:00.943Z - Done responding to the client handleHashGlob
[NX v22.5.1 Daemon Server] - 2026-02-14T14:25:00.943Z - Handled json message HASH_GLOB. Handling time: 4. Response time: 24.
[NX v22.5.1 Daemon Server] - 2026-02-14T14:25:00.943Z - Received raw message of length 67
[NX v22.5.1 Daemon Client] - 2026-02-14T14:25:00.943Z - [Messenger] Received message, length: 648
[NX v22.5.1 Daemon Server] - 2026-02-14T14:25:00.943Z - Received json message of type HASH_GLOB
[NX v22.5.1 Daemon Client] - 2026-02-14T14:25:00.946Z - [Messenger] Sending message type: GLOB
[NX v22.5.1 Daemon Client] - 2026-02-14T14:25:00.947Z - [Messenger] Message sent
[NX v22.5.1 Daemon Server] - 2026-02-14T14:25:00.955Z - Serializing response for HASH_GLOB message in json mode
[NX v22.5.1 Daemon Server] - 2026-02-14T14:25:00.955Z - Responding to HASH_GLOB message
[NX v22.5.1 Daemon Server] - 2026-02-14T14:25:00.955Z - [REQUEST]: Responding to the client. handleHashGlob
[NX v22.5.1 Daemon Client] - 2026-02-14T14:25:00.956Z - [Messenger] Received message, length: 21
Time for '@nx/cypress/plugin:createNodes' 113.34009999999944
Time for 'HASH_GLOB round trip' 42.3059000000012
Time for 'deserialize daemon response - HASH_GLOB' 0.04460000000108266
Time for 'daemon-message-serialization-HASH_GLOB' 0.06409999999959837
[NX v22.5.1 Daemon Server] - 2026-02-14T14:25:00.956Z - Done responding to the client handleHashMultiGlob
[NX v22.5.1 Daemon Server] - 2026-02-14T14:25:00.956Z - Handled json message HASH_GLOB. Handling time: 8. Response time: 27.
[NX v22.5.1 Daemon Server] - 2026-02-14T14:25:00.957Z - Received raw message of length 64
[NX v22.5.1 Daemon Server] - 2026-02-14T14:25:00.957Z - Received json message of type HASH_MULTI_GLOB
[NX v22.5.1 Daemon Client] - 2026-02-14T14:25:00.958Z - [Messenger] Sending message type: HASH_GLOB
[NX v22.5.1 Daemon Server] - 2026-02-14T14:25:00.958Z - Serializing response for HASH_GLOB message in json mode
[NX v22.5.1 Daemon Server] - 2026-02-14T14:25:00.958Z - Responding to HASH_GLOB message
[NX v22.5.1 Daemon Server] - 2026-02-14T14:25:00.958Z - [REQUEST]: Responding to the client. handleHashMultiGlob
[NX v22.5.1 Daemon Client] - 2026-02-14T14:25:00.959Z - [Messenger] Message sent
Time for '@nx/jest/plugin:createNodes' 103.22860000000037
Time for 'HASH_MULTI_GLOB round trip' 32.52340000000004
Time for 'deserialize daemon response - HASH_MULTI_GLOB' 0.04470000000037544
Time for 'daemon-message-serialization-HASH_MULTI_GLOB' 0.07029999999940628
[NX v22.5.1 Daemon Server] - 2026-02-14T14:25:00.959Z - Done responding to the client handleHashGlob
[NX v22.5.1 Daemon Client] - 2026-02-14T14:25:00.959Z - [Messenger] Received message, length: 23
[NX v22.5.1 Daemon Server] - 2026-02-14T14:25:00.959Z - Handled json message HASH_GLOB. Handling time: 5. Response time: 24.
[NX v22.5.1 Daemon Server] - 2026-02-14T14:25:00.959Z - Received raw message of length 63
[NX v22.5.1 Daemon Server] - 2026-02-14T14:25:00.959Z - Received json message of type HASH_GLOB
[NX v22.5.1 Daemon Client] - 2026-02-14T14:25:00.960Z - [Messenger] Sending message type: HASH_MULTI_GLOB
[NX v22.5.1 Daemon Client] - 2026-02-14T14:25:00.961Z - [Messenger] Message sent
[NX v22.5.1 Daemon Server] - 2026-02-14T14:25:00.962Z - Serializing response for HASH_GLOB message in json mode
[NX v22.5.1 Daemon Server] - 2026-02-14T14:25:00.962Z - Responding to HASH_GLOB message
[NX v22.5.1 Daemon Server] - 2026-02-14T14:25:00.962Z - [REQUEST]: Responding to the client. handleHashGlob
[NX v22.5.1 Daemon Client] - 2026-02-14T14:25:00.962Z - [Messenger] Received message, length: 21
[NX v22.5.1 Daemon Client] - 2026-02-14T14:25:00.963Z - [Messenger] Sending message type: HASH_GLOB
[NX v22.5.1 Daemon Client] - 2026-02-14T14:25:00.964Z - [Messenger] Message sent
Time for '@nx/next/plugin:createNodes' 52.41109999999935
Time for 'HASH_GLOB round trip' 30.257399999998597
Time for 'deserialize daemon response - HASH_GLOB' 0.04439999999885913
Time for 'daemon-message-serialization-HASH_GLOB' 0.06670000000121945
[NX v22.5.1 Daemon Server] - 2026-02-14T14:25:00.965Z - Done responding to the client handleGlob
[NX v22.5.1 Daemon Server] - 2026-02-14T14:25:00.965Z - Handled json message GLOB. Handling time: 3. Response time: 23.
[NX v22.5.1 Daemon Server] - 2026-02-14T14:25:00.965Z - Received raw message of length 73
[NX v22.5.1 Daemon Server] - 2026-02-14T14:25:00.965Z - Received json message of type GLOB
[NX v22.5.1 Daemon Server] - 2026-02-14T14:25:00.967Z - Serializing response for GLOB message in json mode
[NX v22.5.1 Daemon Server] - 2026-02-14T14:25:00.968Z - Responding to GLOB message
[NX v22.5.1 Daemon Server] - 2026-02-14T14:25:00.968Z - [REQUEST]: Responding to the client. handleGlob
Time for 'GLOB round trip' 27.583699999999226
Time for 'deserialize daemon response - GLOB' 0.046399999999266583
Time for 'daemon-message-serialization-GLOB' 0.06259999999929278
[NX v22.5.1 Daemon Server] - 2026-02-14T14:25:00.968Z - Done responding to the client handleHashGlob
[NX v22.5.1 Daemon Server] - 2026-02-14T14:25:00.968Z - Handled json message HASH_GLOB. Handling time: 11. Response time: 13.
[NX v22.5.1 Daemon Client] - 2026-02-14T14:25:00.968Z - [Messenger] Received message, length: 648
[NX v22.5.1 Daemon Server] - 2026-02-14T14:25:00.969Z - Received raw message of length 67
[NX v22.5.1 Daemon Server] - 2026-02-14T14:25:00.969Z - Received json message of type HASH_GLOB
[NX v22.5.1 Daemon Client] - 2026-02-14T14:25:00.971Z - [Messenger] Sending message type: GLOB
[NX v22.5.1 Daemon Client] - 2026-02-14T14:25:00.972Z - [Messenger] Message sent
[NX v22.5.1 Daemon Server] - 2026-02-14T14:25:00.976Z - Serializing response for HASH_GLOB message in json mode
[NX v22.5.1 Daemon Server] - 2026-02-14T14:25:00.977Z - Responding to HASH_GLOB message
[NX v22.5.1 Daemon Server] - 2026-02-14T14:25:00.977Z - [REQUEST]: Responding to the client. handleHashGlob
[NX v22.5.1 Daemon Server] - 2026-02-14T14:25:00.977Z - Done responding to the client handleHashMultiGlob
[NX v22.5.1 Daemon Server] - 2026-02-14T14:25:00.977Z - Handled json message HASH_GLOB. Handling time: 1. Response time: 19.
Time for '@nx/cypress/plugin:createNodes' 148.4445999999989
Time for 'HASH_GLOB round trip' 35.0015999999996
Time for 'deserialize daemon response - HASH_GLOB' 0.052100000000791624
Time for 'daemon-message-serialization-HASH_GLOB' 0.06979999999930442
[NX v22.5.1 Daemon Client] - 2026-02-14T14:25:00.977Z - [Messenger] Received message, length: 21
[NX v22.5.1 Daemon Server] - 2026-02-14T14:25:00.978Z - Received raw message of length 64
[NX v22.5.1 Daemon Server] - 2026-02-14T14:25:00.978Z - Received json message of type HASH_MULTI_GLOB
[NX v22.5.1 Daemon Client] - 2026-02-14T14:25:00.979Z - [Messenger] Sending message type: HASH_GLOB
[NX v22.5.1 Daemon Client] - 2026-02-14T14:25:00.980Z - [Messenger] Message sent
[NX v22.5.1 Daemon Server] - 2026-02-14T14:25:00.980Z - Serializing response for HASH_GLOB message in json mode
[NX v22.5.1 Daemon Server] - 2026-02-14T14:25:00.980Z - Responding to HASH_GLOB message
[NX v22.5.1 Daemon Server] - 2026-02-14T14:25:00.980Z - [REQUEST]: Responding to the client. handleHashMultiGlob
[NX v22.5.1 Daemon Server] - 2026-02-14T14:25:00.980Z - Done responding to the client handleHashGlob
[NX v22.5.1 Daemon Server] - 2026-02-14T14:25:00.980Z - Handled json message HASH_GLOB. Handling time: 2. Response time: 18.
[NX v22.5.1 Daemon Client] - 2026-02-14T14:25:00.980Z - [Messenger] Received message, length: 23
Time for '@nx/jest/plugin:createNodes' 131.95950000000084
Time for 'HASH_MULTI_GLOB round trip' 28.664300000000367
Time for 'deserialize daemon response - HASH_MULTI_GLOB' 0.04230000000097789
Time for 'daemon-message-serialization-HASH_MULTI_GLOB' 0.053699999998571
[NX v22.5.1 Daemon Server] - 2026-02-14T14:25:00.981Z - Received raw message of length 63
[NX v22.5.1 Daemon Server] - 2026-02-14T14:25:00.981Z - Received json message of type HASH_GLOB
[NX v22.5.1 Daemon Client] - 2026-02-14T14:25:00.981Z - [Messenger] Sending message type: HASH_MULTI_GLOB
[NX v22.5.1 Daemon Server] - 2026-02-14T14:25:00.982Z - Serializing response for HASH_GLOB message in json mode
[NX v22.5.1 Daemon Server] - 2026-02-14T14:25:00.982Z - Responding to HASH_GLOB message
[NX v22.5.1 Daemon Server] - 2026-02-14T14:25:00.982Z - [REQUEST]: Responding to the client. handleHashGlob
[NX v22.5.1 Daemon Client] - 2026-02-14T14:25:00.982Z - [Messenger] Message sent
[NX v22.5.1 Daemon Client] - 2026-02-14T14:25:00.982Z - [Messenger] Received message, length: 21
[NX v22.5.1 Daemon Client] - 2026-02-14T14:25:00.984Z - [Messenger] Sending message type: HASH_GLOB
Time for '@nx/next/plugin:createNodes' 78.3114999999998
Time for 'HASH_GLOB round trip' 25.91110000000117
Time for 'deserialize daemon response - HASH_GLOB' 0.042400000000270666
Time for 'daemon-message-serialization-HASH_GLOB' 0.07480000000032305
[NX v22.5.1 Daemon Server] - 2026-02-14T14:25:00.985Z - Done responding to the client handleGlob
[NX v22.5.1 Daemon Server] - 2026-02-14T14:25:00.985Z - Handled json message GLOB. Handling time: 2. Response time: 18.
[NX v22.5.1 Daemon Server] - 2026-02-14T14:25:00.985Z - Received raw message of length 73
[NX v22.5.1 Daemon Client] - 2026-02-14T14:25:00.985Z - [Messenger] Message sent
[NX v22.5.1 Daemon Server] - 2026-02-14T14:25:00.985Z - Received json message of type GLOB
[NX v22.5.1 Daemon Server] - 2026-02-14T14:25:00.987Z - Serializing response for GLOB message in json mode
[NX v22.5.1 Daemon Server] - 2026-02-14T14:25:00.987Z - Responding to GLOB message
[NX v22.5.1 Daemon Server] - 2026-02-14T14:25:00.987Z - [REQUEST]: Responding to the client. handleGlob
Time for 'GLOB round trip' 23.276899999998932
Time for 'deserialize daemon response - GLOB' 0.04899999999906868
Time for 'daemon-message-serialization-GLOB' 0.0650999999998021
[NX v22.5.1 Daemon Server] - 2026-02-14T14:25:00.988Z - Done responding to the client handleHashGlob
[NX v22.5.1 Daemon Server] - 2026-02-14T14:25:00.988Z - Handled json message HASH_GLOB. Handling time: 7. Response time: 12.
[NX v22.5.1 Daemon Server] - 2026-02-14T14:25:00.988Z - Received raw message of length 67
[NX v22.5.1 Daemon Client] - 2026-02-14T14:25:00.988Z - [Messenger] Received message, length: 648
[NX v22.5.1 Daemon Server] - 2026-02-14T14:25:00.989Z - Received json message of type HASH_GLOB
[NX v22.5.1 Daemon Client] - 2026-02-14T14:25:00.991Z - [Messenger] Sending message type: GLOB
[NX v22.5.1 Daemon Client] - 2026-02-14T14:25:00.992Z - [Messenger] Message sent
[NX v22.5.1 Daemon Server] - 2026-02-14T14:25:00.993Z - Serializing response for HASH_GLOB message in json mode
[NX v22.5.1 Daemon Server] - 2026-02-14T14:25:00.993Z - Responding to HASH_GLOB message
[NX v22.5.1 Daemon Server] - 2026-02-14T14:25:00.993Z - [REQUEST]: Responding to the client. handleHashGlob
[NX v22.5.1 Daemon Server] - 2026-02-14T14:25:00.993Z - Done responding to the client handleHashMultiGlob
[NX v22.5.1 Daemon Server] - 2026-02-14T14:25:00.993Z - Handled json message HASH_GLOB. Handling time: 2. Response time: 13.
Time for '@nx/cypress/plugin:createNodes' 169.63999999999942
Time for 'HASH_GLOB round trip' 20.31079999999929
Time for 'deserialize daemon response - HASH_GLOB' 0.04730000000017753
Time for 'daemon-message-serialization-HASH_GLOB' 0.07150000000001455
[NX v22.5.1 Daemon Client] - 2026-02-14T14:25:00.994Z - [Messenger] Received message, length: 21
[NX v22.5.1 Daemon Server] - 2026-02-14T14:25:00.994Z - Received raw message of length 64
[NX v22.5.1 Daemon Server] - 2026-02-14T14:25:00.994Z - Received json message of type HASH_MULTI_GLOB
[NX v22.5.1 Daemon Client] - 2026-02-14T14:25:00.995Z - [Messenger] Sending message type: HASH_GLOB
[NX v22.5.1 Daemon Client] - 2026-02-14T14:25:00.996Z - [Messenger] Message sent
[NX v22.5.1 Daemon Server] - 2026-02-14T14:25:00.996Z - Serializing response for HASH_GLOB message in json mode
[NX v22.5.1 Daemon Server] - 2026-02-14T14:25:00.996Z - Responding to HASH_GLOB message
[NX v22.5.1 Daemon Server] - 2026-02-14T14:25:00.996Z - [REQUEST]: Responding to the client. handleHashMultiGlob
[NX v22.5.1 Daemon Server] - 2026-02-14T14:25:00.997Z - Done responding to the client handleHashGlob
[NX v22.5.1 Daemon Client] - 2026-02-14T14:25:00.996Z - [Messenger] Received message, length: 23
[NX v22.5.1 Daemon Server] - 2026-02-14T14:25:00.997Z - Handled json message HASH_GLOB. Handling time: 1. Response time: 15.
Time for '@nx/jest/plugin:createNodes' 153.61130000000048
Time for 'HASH_MULTI_GLOB round trip' 20.71810000000005
Time for 'deserialize daemon response - HASH_MULTI_GLOB' 0.04500000000007276
Time for 'daemon-message-serialization-HASH_MULTI_GLOB' 0.060500000001411536
[NX v22.5.1 Daemon Server] - 2026-02-14T14:25:00.997Z - Received raw message of length 63
[NX v22.5.1 Daemon Server] - 2026-02-14T14:25:00.997Z - Received json message of type HASH_GLOB
[NX v22.5.1 Daemon Client] - 2026-02-14T14:25:00.997Z - [Messenger] Sending message type: HASH_MULTI_GLOB
[NX v22.5.1 Daemon Client] - 2026-02-14T14:25:00.998Z - [Messenger] Message sent
[NX v22.5.1 Daemon Server] - 2026-02-14T14:25:01.001Z - Serializing response for HASH_GLOB message in json mode
[NX v22.5.1 Daemon Server] - 2026-02-14T14:25:01.001Z - Responding to HASH_GLOB message
[NX v22.5.1 Daemon Server] - 2026-02-14T14:25:01.001Z - [REQUEST]: Responding to the client. handleHashGlob
Time for '@nx/next/plugin:createNodes' 98.88539999999921
Time for 'HASH_GLOB round trip' 19.680199999998877
Time for 'deserialize daemon response - HASH_GLOB' 0.04409999999916181
Time for 'daemon-message-serialization-HASH_GLOB' 0.06069999999999709
[NX v22.5.1 Daemon Server] - 2026-02-14T14:25:01.001Z - Done responding to the client handleGlob
[NX v22.5.1 Daemon Server] - 2026-02-14T14:25:01.001Z - Handled json message GLOB. Handling time: 2. Response time: 14.
[NX v22.5.1 Daemon Client] - 2026-02-14T14:25:01.001Z - [Messenger] Received message, length: 21
[NX v22.5.1 Daemon Server] - 2026-02-14T14:25:01.002Z - Received raw message of length 73
[NX v22.5.1 Daemon Server] - 2026-02-14T14:25:01.002Z - Received json message of type GLOB
[NX v22.5.1 Daemon Client] - 2026-02-14T14:25:01.002Z - [Messenger] Sending message type: HASH_GLOB
[NX v22.5.1 Daemon Client] - 2026-02-14T14:25:01.003Z - [Messenger] Message sent
[NX v22.5.1 Daemon Server] - 2026-02-14T14:25:01.008Z - Serializing response for GLOB message in json mode
[NX v22.5.1 Daemon Server] - 2026-02-14T14:25:01.009Z - Responding to GLOB message
[NX v22.5.1 Daemon Server] - 2026-02-14T14:25:01.009Z - [REQUEST]: Responding to the client. handleGlob
Time for 'GLOB round trip' 17.986800000000585
Time for 'deserialize daemon response - GLOB' 0.05249999999978172
Time for 'daemon-message-serialization-GLOB' 0.0738999999994121
Time for '@nx/js/typescript:createNodes' 1433.4976000000006
[NX v22.5.1 Daemon Server] - 2026-02-14T14:25:01.009Z - Done responding to the client handleHashGlob
[NX v22.5.1 Daemon Client] - 2026-02-14T14:25:01.010Z - [Messenger] Received message, length: 648
[NX v22.5.1 Daemon Server] - 2026-02-14T14:25:01.010Z - Handled json message HASH_GLOB. Handling time: 4. Response time: 17.
[NX v22.5.1 Daemon Server] - 2026-02-14T14:25:01.010Z - Received raw message of length 67
[NX v22.5.1 Daemon Server] - 2026-02-14T14:25:01.010Z - Received json message of type HASH_GLOB
[NX v22.5.1 Daemon Client] - 2026-02-14T14:25:01.012Z - [Messenger] Sending message type: GLOB
[NX v22.5.1 Daemon Client] - 2026-02-14T14:25:01.012Z - [Messenger] Message sent
[NX v22.5.1 Daemon Server] - 2026-02-14T14:25:01.014Z - Serializing response for HASH_GLOB message in json mode
[NX v22.5.1 Daemon Server] - 2026-02-14T14:25:01.014Z - Responding to HASH_GLOB message
[NX v22.5.1 Daemon Server] - 2026-02-14T14:25:01.014Z - [REQUEST]: Responding to the client. handleHashGlob
[NX v22.5.1 Daemon Server] - 2026-02-14T14:25:01.014Z - Done responding to the client handleHashMultiGlob
[NX v22.5.1 Daemon Server] - 2026-02-14T14:25:01.014Z - Handled json message HASH_GLOB. Handling time: 2. Response time: 18.
Time for '@nx/cypress/plugin:createNodes' 185.3779999999988
Time for 'HASH_GLOB round trip' 15.395400000001246
Time for 'deserialize daemon response - HASH_GLOB' 0.05370000000038999
Time for 'daemon-message-serialization-HASH_GLOB' 0.059299999998984276
[NX v22.5.1 Daemon Client] - 2026-02-14T14:25:01.015Z - [Messenger] Received message, length: 21
[NX v22.5.1 Daemon Server] - 2026-02-14T14:25:01.017Z - Received raw message of length 64
[NX v22.5.1 Daemon Server] - 2026-02-14T14:25:01.017Z - Received json message of type HASH_MULTI_GLOB
[NX v22.5.1 Daemon Server] - 2026-02-14T14:25:01.019Z - Serializing response for HASH_GLOB message in json mode
[NX v22.5.1 Daemon Server] - 2026-02-14T14:25:01.019Z - Responding to HASH_GLOB message
[NX v22.5.1 Daemon Server] - 2026-02-14T14:25:01.019Z - [REQUEST]: Responding to the client. handleHashMultiGlob
Time for '@nx/jest/plugin:createNodes' 169.42209999999977
Time for 'HASH_MULTI_GLOB round trip' 15.389999999999418
Time for 'deserialize daemon response - HASH_MULTI_GLOB' 0.03919999999925494
Time for 'daemon-message-serialization-HASH_MULTI_GLOB' 0.05860000000029686
[NX v22.5.1 Daemon Server] - 2026-02-14T14:25:01.019Z - Done responding to the client handleHashGlob
[NX v22.5.1 Daemon Server] - 2026-02-14T14:25:01.019Z - Handled json message HASH_GLOB. Handling time: 4. Response time: 18.
[NX v22.5.1 Daemon Server] - 2026-02-14T14:25:01.020Z - Received raw message of length 63
[NX v22.5.1 Daemon Client] - 2026-02-14T14:25:01.019Z - [Messenger] Received message, length: 23
[NX v22.5.1 Daemon Server] - 2026-02-14T14:25:01.020Z - Received json message of type HASH_GLOB
[NX v22.5.1 Daemon Server] - 2026-02-14T14:25:01.023Z - Serializing response for HASH_GLOB message in json mode
[NX v22.5.1 Daemon Server] - 2026-02-14T14:25:01.023Z - Responding to HASH_GLOB message
[NX v22.5.1 Daemon Server] - 2026-02-14T14:25:01.023Z - [REQUEST]: Responding to the client. handleHashGlob
Time for '@nx/next/plugin:createNodes' 117.49069999999847
Time for 'HASH_GLOB round trip' 17.66320000000087
Time for 'deserialize daemon response - HASH_GLOB' 0.05520000000069558
Time for 'daemon-message-serialization-HASH_GLOB' 0.06719999999950232
[NX v22.5.1 Daemon Server] - 2026-02-14T14:25:01.023Z - Done responding to the client handleGlob
[NX v22.5.1 Daemon Server] - 2026-02-14T14:25:01.023Z - Handled json message GLOB. Handling time: 6. Response time: 15.
[NX v22.5.1 Daemon Client] - 2026-02-14T14:25:01.023Z - [Messenger] Received message, length: 21
[NX v22.5.1 Daemon Server] - 2026-02-14T14:25:01.024Z - Received raw message of length 73
[NX v22.5.1 Daemon Server] - 2026-02-14T14:25:01.024Z - Received json message of type GLOB
[NX v22.5.1 Daemon Server] - 2026-02-14T14:25:01.028Z - Serializing response for GLOB message in json mode
[NX v22.5.1 Daemon Server] - 2026-02-14T14:25:01.028Z - Responding to GLOB message
[NX v22.5.1 Daemon Server] - 2026-02-14T14:25:01.028Z - [REQUEST]: Responding to the client. handleGlob
Time for 'GLOB round trip' 19.478000000000975
Time for 'deserialize daemon response - GLOB' 0.04579999999987194
Time for 'daemon-message-serialization-GLOB' 0.05609999999978754
[NX v22.5.1 Daemon Server] - 2026-02-14T14:25:01.028Z - Done responding to the client handleHashGlob
[NX v22.5.1 Daemon Server] - 2026-02-14T14:25:01.028Z - Handled json message HASH_GLOB. Handling time: 4. Response time: 14.
[NX v22.5.1 Daemon Client] - 2026-02-14T14:25:01.029Z - [Messenger] Received message, length: 648
[NX v22.5.1 Daemon Server] - 2026-02-14T14:25:01.029Z - Done responding to the client handleHashMultiGlob
[NX v22.5.1 Daemon Server] - 2026-02-14T14:25:01.029Z - Handled json message HASH_GLOB. Handling time: 2. Response time: 10.
[NX v22.5.1 Daemon Server] - 2026-02-14T14:25:01.030Z - Done responding to the client handleHashGlob
[NX v22.5.1 Daemon Server] - 2026-02-14T14:25:01.030Z - Handled json message HASH_GLOB. Handling time: 3. Response time: 7.
[NX v22.5.1 Daemon Server] - 2026-02-14T14:25:01.031Z - Done responding to the client handleGlob
[NX v22.5.1 Daemon Server] - 2026-02-14T14:25:01.031Z - Handled json message GLOB. Handling time: 4. Response time: 3.
[NX v22.5.1 Daemon Client] - 2026-02-14T14:25:01.031Z - [Messenger] Sending message type: HASH_MULTI_GLOB
[NX v22.5.1 Daemon Client] - 2026-02-14T14:25:01.032Z - [Messenger] Message sent
Time for 'GLOB round trip' 17.849599999999555
Time for 'deserialize daemon response - GLOB' 0.043899999998757266
Time for 'daemon-message-serialization-HASH_MULTI_GLOB' 0.07459999999991851
[NX v22.5.1 Daemon Server] - 2026-02-14T14:25:01.032Z - Received raw message of length 297
[NX v22.5.1 Daemon Server] - 2026-02-14T14:25:01.033Z - Received json message of type HASH_MULTI_GLOB
[NX v22.5.1 Daemon Server] - 2026-02-14T14:25:01.035Z - Serializing response for HASH_GLOB message in json mode
[NX v22.5.1 Daemon Server] - 2026-02-14T14:25:01.035Z - Responding to HASH_GLOB message
[NX v22.5.1 Daemon Server] - 2026-02-14T14:25:01.035Z - [REQUEST]: Responding to the client. handleHashMultiGlob
[NX v22.5.1 Daemon Client] - 2026-02-14T14:25:01.036Z - [Messenger] Received message, length: 68
[NX v22.5.1 Daemon Server] - 2026-02-14T14:25:01.037Z - Done responding to the client handleHashMultiGlob
[NX v22.5.1 Daemon Server] - 2026-02-14T14:25:01.037Z - Handled json message HASH_GLOB. Handling time: 2. Response time: 2.
[NX v22.5.1 Daemon Client] - 2026-02-14T14:25:01.039Z - [Messenger] Sending message type: HASH_MULTI_GLOB
[NX v22.5.1 Daemon Client] - 2026-02-14T14:25:01.039Z - [Messenger] Message sent
Time for '@nx/js/typescript:createNodes' 65.34130000000005
Time for '@nx/js/typescript:createNodes' 65.49359999999979
Time for '@nx/js/typescript:createNodes' 65.53399999999965
Time for '@nx/js/typescript:createNodes' 65.58189999999922
Time for '@nx/js/typescript:createNodes' 65.64829999999893
[NX v22.5.1 Daemon Server] - 2026-02-14T14:25:01.129Z - Closed a connection. Number of open connections: 4
[NX v22.5.1 Daemon Server] - 2026-02-14T14:25:01.139Z - Closed a connection. Number of open connections: 3
[NX v22.5.1 Daemon Server] - 2026-02-14T14:25:01.149Z - Closed a connection. Number of open connections: 2
Time for 'HASH_MULTI_GLOB round trip' 5.238800000000992
Time for 'deserialize daemon response - HASH_MULTI_GLOB' 0.042699999999967986
Time for 'daemon-message-serialization-HASH_MULTI_GLOB' 0.07120000000031723
[NX v22.5.1 Daemon Server] - 2026-02-14T14:25:01.987Z - Received raw message of length 297
[NX v22.5.1 Daemon Server] - 2026-02-14T14:25:01.987Z - Received json message of type HASH_MULTI_GLOB
[NX v22.5.1 Daemon Server] - 2026-02-14T14:25:01.989Z - Serializing response for HASH_GLOB message in json mode
[NX v22.5.1 Daemon Server] - 2026-02-14T14:25:01.989Z - Responding to HASH_GLOB message
[NX v22.5.1 Daemon Server] - 2026-02-14T14:25:01.990Z - [REQUEST]: Responding to the client. handleHashMultiGlob
[NX v22.5.1 Daemon Server] - 2026-02-14T14:25:01.992Z - Done responding to the client handleHashMultiGlob
[NX v22.5.1 Daemon Server] - 2026-02-14T14:25:01.992Z - Handled json message HASH_GLOB. Handling time: 2. Response time: 3.
[NX v22.5.1 Daemon Client] - 2026-02-14T14:25:01.993Z - [Messenger] Received message, length: 68
[NX v22.5.1 Daemon Client] - 2026-02-14T14:25:01.995Z - [Messenger] Sending message type: HASH_MULTI_GLOB
[NX v22.5.1 Daemon Client] - 2026-02-14T14:25:01.996Z - [Messenger] Message sent
Time for 'HASH_MULTI_GLOB round trip' 954.6717000000008
Time for 'deserialize daemon response - HASH_MULTI_GLOB' 0.044799999999668216
Time for 'daemon-message-serialization-HASH_MULTI_GLOB' 0.12579999999979918
[NX v22.5.1 Daemon Server] - 2026-02-14T14:25:02.010Z - Received raw message of length 297
[NX v22.5.1 Daemon Server] - 2026-02-14T14:25:02.010Z - Received json message of type HASH_MULTI_GLOB
[NX v22.5.1 Daemon Server] - 2026-02-14T14:25:02.015Z - Serializing response for HASH_GLOB message in json mode
[NX v22.5.1 Daemon Server] - 2026-02-14T14:25:02.015Z - Responding to HASH_GLOB message
[NX v22.5.1 Daemon Server] - 2026-02-14T14:25:02.015Z - [REQUEST]: Responding to the client. handleHashMultiGlob
[NX v22.5.1 Daemon Server] - 2026-02-14T14:25:02.018Z - Done responding to the client handleHashMultiGlob
[NX v22.5.1 Daemon Server] - 2026-02-14T14:25:02.018Z - Handled json message HASH_GLOB. Handling time: 5. Response time: 3.
[NX v22.5.1 Daemon Client] - 2026-02-14T14:25:06.321Z - [Messenger] Received message, length: 68
[NX v22.5.1 Daemon Client] - 2026-02-14T14:25:06.323Z - [Messenger] Sending message type: HASH_MULTI_GLOB
[NX v22.5.1 Daemon Client] - 2026-02-14T14:25:06.324Z - [Messenger] Message sent
[NX v22.5.1 Daemon Server] - 2026-02-14T14:25:06.478Z - Time taken for 'build-project-configs' 6783.446399999999ms
Time for '@nx/eslint/plugin:createNodes' 5447.327700000002
Time for '@nx/eslint/plugin:createNodes' 5447.5250000000015
Time for 'HASH_MULTI_GLOB round trip' 4326.368
Time for 'deserialize daemon response - HASH_MULTI_GLOB' 0.0437000000019907
Time for 'daemon-message-serialization-HASH_MULTI_GLOB' 0.0750000000007276
[NX v22.5.1 Daemon Server] - 2026-02-14T14:25:06.481Z - Received raw message of length 297
[NX v22.5.1 Daemon Server] - 2026-02-14T14:25:06.481Z - Received json message of type HASH_MULTI_GLOB
[NX v22.5.1 Daemon Server] - 2026-02-14T14:25:06.519Z - Serializing response for HASH_GLOB message in json mode
[NX v22.5.1 Daemon Server] - 2026-02-14T14:25:06.519Z - Responding to HASH_GLOB message
[NX v22.5.1 Daemon Server] - 2026-02-14T14:25:06.519Z - [REQUEST]: Responding to the client. handleHashMultiGlob
[NX v22.5.1 Daemon Client] - 2026-02-14T14:25:06.539Z - [Messenger] Received message, length: 68
[NX v22.5.1 Daemon Client] - 2026-02-14T14:25:06.541Z - [Messenger] Sending message type: HASH_MULTI_GLOB
[NX v22.5.1 Daemon Client] - 2026-02-14T14:25:06.542Z - [Messenger] Message sent
[NX v22.5.1 Daemon Server] - 2026-02-14T14:25:06.571Z - Time taken for 'build-project-configs' 6971.752399999999ms
[NX v22.5.1 Daemon Server] - 2026-02-14T14:25:06.645Z - [SYNC]: collect registered sync generators
[NX v22.5.1 Daemon Server] - 2026-02-14T14:25:06.648Z - [SYNC]: scheduling: ["@nx/js:typescript-sync"]
Time for 'build typescript dependencies' 0.3706999999994878
Time for 'build typescript dependencies' 0.03810000000157743
[NX v22.5.1 Daemon Server] - 2026-02-14T14:25:06.649Z - Done responding to the client handleHashMultiGlob
[NX v22.5.1 Daemon Server] - 2026-02-14T14:25:06.649Z - Handled json message HASH_GLOB. Handling time: 38. Response time: 130.
Time for '@nx/eslint/plugin:createNodes' 5666.654699999999
Time for 'HASH_MULTI_GLOB round trip' 217.063900000001
Time for 'deserialize daemon response - HASH_MULTI_GLOB' 0.054800000001705484
Time for 'daemon-message-serialization-HASH_MULTI_GLOB' 0.06419999999707215
[NX v22.5.1 Daemon Server] - 2026-02-14T14:25:06.649Z - Received raw message of length 297
[NX v22.5.1 Daemon Server] - 2026-02-14T14:25:06.649Z - Received json message of type HASH_MULTI_GLOB
[NX v22.5.1 Daemon Server] - 2026-02-14T14:25:06.652Z - Serializing response for HASH_GLOB message in json mode
[NX v22.5.1 Daemon Server] - 2026-02-14T14:25:06.652Z - Responding to HASH_GLOB message
[NX v22.5.1 Daemon Server] - 2026-02-14T14:25:06.652Z - [REQUEST]: Responding to the client. handleHashMultiGlob
[NX v22.5.1 Daemon Server] - 2026-02-14T14:25:06.690Z - Time taken for 'build-project-configs' 7108.937899999999ms
[NX v22.5.1 Daemon Client] - 2026-02-14T14:25:06.859Z - [Messenger] Received message, length: 68
[NX v22.5.1 Daemon Client] - 2026-02-14T14:25:06.862Z - [Messenger] Sending message type: HASH_MULTI_GLOB
[NX v22.5.1 Daemon Client] - 2026-02-14T14:25:06.862Z - [Messenger] Message sent
[NX v22.5.1 Daemon Server] - 2026-02-14T14:25:06.895Z - Wrote project graph cache to c:\Users\Dell\Downloads\hello\my-monorepo\.nx\workspace-data\project-graph.json
[NX v22.5.1 Daemon Server] - 2026-02-14T14:25:06.896Z - Serializing response for REQUEST_PROJECT_GRAPH message in json mode
[NX v22.5.1 Daemon Server] - 2026-02-14T14:25:06.896Z - Responding to REQUEST_PROJECT_GRAPH message
[NX v22.5.1 Daemon Server] - 2026-02-14T14:25:06.896Z - [REQUEST]: Responding to the client. project-graph
[NX v22.5.1 Daemon Server] - 2026-02-14T14:25:06.897Z - Done responding to the client handleHashMultiGlob
[NX v22.5.1 Daemon Server] - 2026-02-14T14:25:06.898Z - Handled json message HASH_GLOB. Handling time: 3. Response time: 246.
[NX v22.5.1 Daemon Client] - 2026-02-14T14:25:06.902Z - [Messenger] Received message, length: 752736
[NX v22.5.1 Daemon Server] - 2026-02-14T14:25:06.908Z - [SYNC]: collect registered sync generators
[NX v22.5.1 Daemon Server] - 2026-02-14T14:25:06.909Z - [SYNC]: project graph hash is the same, not collecting task sync generators
[NX v22.5.1 Daemon Server] - 2026-02-14T14:25:06.910Z - [SYNC]: nx.json hash is the same, not collecting global sync generators
[NX v22.5.1 Daemon Server] - 2026-02-14T14:25:06.910Z - [SYNC]: scheduling: ["@nx/js:typescript-sync"]
Time for 'build typescript dependencies' 0.03830000000016298
[NX v22.5.1 Daemon Server] - 2026-02-14T14:25:06.910Z - Time taken for 'total for creating and serializing project graph' 17568.3829ms
[NX v22.5.1 Daemon Server] - 2026-02-14T14:25:06.913Z - Reusing in-memory cached project graph because no files changed.
[NX v22.5.1 Daemon Client] - 2026-02-14T14:25:06.914Z - [Messenger] Sending message type: GET_CONTEXT_FILE_DATA
[NX v22.5.1 Daemon Client] - 2026-02-14T14:25:06.915Z - [Messenger] Message sent
Time for '@nx/eslint/plugin:createNodes' 5986.5509999999995
Time for 'HASH_MULTI_GLOB round trip' 318.52960000000166
Time for 'deserialize daemon response - HASH_MULTI_GLOB' 0.04080000000249129
Time for 'daemon-message-serialization-HASH_MULTI_GLOB' 0.07619999999951688
[NX v22.5.1 Daemon Server] - 2026-02-14T14:25:06.959Z - Received raw message of length 297
[NX v22.5.1 Daemon Server] - 2026-02-14T14:25:06.959Z - Received json message of type HASH_MULTI_GLOB
[NX v22.5.1 Daemon Server] - 2026-02-14T14:25:06.992Z - Serializing response for HASH_GLOB message in json mode
[NX v22.5.1 Daemon Server] - 2026-02-14T14:25:06.992Z - Responding to HASH_GLOB message
[NX v22.5.1 Daemon Server] - 2026-02-14T14:25:06.992Z - [REQUEST]: Responding to the client. handleHashMultiGlob
[NX v22.5.1 Daemon Server] - 2026-02-14T14:25:06.992Z - Done responding to the client project-graph
[NX v22.5.1 Daemon Server] - 2026-02-14T14:25:06.992Z - Handled json message REQUEST_PROJECT_GRAPH. Handling time: 17569. Response time: 96.
[NX v22.5.1 Daemon Server] - 2026-02-14T14:25:06.993Z - Time taken for 'build-project-configs' 7376.271699999999ms
[NX v22.5.1 Daemon Server] - 2026-02-14T14:25:07.027Z - Received raw message of length 32
[NX v22.5.1 Daemon Server] - 2026-02-14T14:25:07.028Z - Received json message of type GET_CONTEXT_FILE_DATA
[NX v22.5.1 Daemon Server] - 2026-02-14T14:25:07.032Z - Serializing response for GET_CONTEXT_FILE_DATA message in json mode
[NX v22.5.1 Daemon Server] - 2026-02-14T14:25:07.032Z - Responding to GET_CONTEXT_FILE_DATA message
[NX v22.5.1 Daemon Server] - 2026-02-14T14:25:07.032Z - [REQUEST]: Responding to the client. handleContextFileData
[NX v22.5.1 Daemon Client] - 2026-02-14T14:25:07.033Z - [Messenger] Received message, length: 3053
[NX v22.5.1 Daemon Server] - 2026-02-14T14:25:07.150Z - [SYNC]: collect registered sync generators
[NX v22.5.1 Daemon Server] - 2026-02-14T14:25:07.152Z - [SYNC]: project graph hash is the same, not collecting task sync generators
[NX v22.5.1 Daemon Server] - 2026-02-14T14:25:07.152Z - [SYNC]: nx.json hash is the same, not collecting global sync generators
[NX v22.5.1 Daemon Server] - 2026-02-14T14:25:07.153Z - [SYNC]: scheduling: ["@nx/js:typescript-sync"]
Time for 'build typescript dependencies' 0.042399999998451676
[NX v22.5.1 Daemon Server] - 2026-02-14T14:25:07.153Z - Done responding to the client handleHashMultiGlob
[NX v22.5.1 Daemon Server] - 2026-02-14T14:25:07.153Z - Handled json message HASH_GLOB. Handling time: 33. Response time: 161.
[NX v22.5.1 Daemon Server] - 2026-02-14T14:25:07.153Z - Time taken for 'total execution time for createProjectGraph()' 171.65669999999955ms
[NX v22.5.1 Daemon Server] - 2026-02-14T14:25:07.156Z - Done responding to the client handleContextFileData
[NX v22.5.1 Daemon Server] - 2026-02-14T14:25:07.156Z - Handled json message GET_CONTEXT_FILE_DATA. Handling time: 1. Response time: 124.
[NX v22.5.1 Daemon Client] - 2026-02-14T14:25:07.249Z - [Messenger] Received message, length: 68
Time for '@nx/eslint/plugin:createNodes' 6376.6026999999995
Time for 'HASH_MULTI_GLOB round trip' 388.29449999999997
Time for 'deserialize daemon response - HASH_MULTI_GLOB' 0.03960000000006403
[NX v22.5.1 Daemon Server] - 2026-02-14T14:25:07.352Z - Time taken for 'build-project-configs' 7736.0585999999985ms
[NX v22.5.1 Daemon Server] - 2026-02-14T14:25:07.358Z - Time taken for '@nx/js/typescript:createDependencies' 44.329499999999825ms
[NX v22.5.1 Daemon Server] - 2026-02-14T14:25:07.363Z - Reusing in-memory cached project graph because no files changed.
[NX v22.5.1 Daemon Server] - 2026-02-14T14:25:07.431Z - [SYNC]: collect registered sync generators
[NX v22.5.1 Daemon Server] - 2026-02-14T14:25:07.432Z - [SYNC]: project graph hash is the same, not collecting task sync generators
[NX v22.5.1 Daemon Server] - 2026-02-14T14:25:07.433Z - [SYNC]: nx.json hash is the same, not collecting global sync generators
[NX v22.5.1 Daemon Server] - 2026-02-14T14:25:07.433Z - [SYNC]: scheduling: ["@nx/js:typescript-sync"]
Time for 'build typescript dependencies' 0.03619999999864376
[NX v22.5.1 Daemon Server] - 2026-02-14T14:25:07.433Z - Time taken for 'total execution time for createProjectGraph()' 125.63520000000062ms
[NX v22.5.1 Daemon Server] - 2026-02-14T14:25:07.600Z - Time taken for 'build-project-configs' 8010.293ms
[NX v22.5.1 Daemon Server] - 2026-02-14T14:25:07.604Z - Time taken for '@nx/js/typescript:createDependencies' 24.115399999998772ms
[NX v22.5.1 Daemon Server] - 2026-02-14T14:25:07.654Z - [SYNC]: collect registered sync generators
[NX v22.5.1 Daemon Server] - 2026-02-14T14:25:07.655Z - [SYNC]: project graph hash is the same, not collecting task sync generators
[NX v22.5.1 Daemon Server] - 2026-02-14T14:25:07.656Z - [SYNC]: nx.json hash is the same, not collecting global sync generators
[NX v22.5.1 Daemon Server] - 2026-02-14T14:25:07.656Z - [SYNC]: scheduling: ["@nx/js:typescript-sync"]
[NX v22.5.1 Daemon Server] - 2026-02-14T14:25:07.677Z - Wrote project graph cache to c:\Users\Dell\Downloads\hello\my-monorepo\.nx\workspace-data\project-graph.json
[NX v22.5.1 Daemon Server] - 2026-02-14T14:25:07.712Z - Wrote project graph cache to c:\Users\Dell\Downloads\hello\my-monorepo\.nx\workspace-data\project-graph.json
[NX v22.5.1 Daemon Server] - 2026-02-14T14:25:07.713Z - [SYNC]: running scheduled generator @nx/js:typescript-sync
[NX v22.5.1 Daemon Client] - 2026-02-14T14:25:09.098Z - [Messenger] Setting up socket listeners
[NX v22.5.1 Daemon Client] - 2026-02-14T14:25:09.099Z - [Messenger] listen() complete
[NX v22.5.1 Daemon Client] - 2026-02-14T14:25:09.101Z - [Messenger] Sending message type: REQUEST_PROJECT_GRAPH
[NX v22.5.1 Daemon Client] - 2026-02-14T14:25:09.102Z - [Messenger] Message sent
[NX v22.5.1 Daemon Server] - 2026-02-14T14:25:10.378Z - Time taken for 'total execution time for createProjectGraph()' 78.57920000000013ms
[NX v22.5.1 Daemon Server] - 2026-02-14T14:25:10.385Z - Established a connection. Number of open connections: 3
[NX v22.5.1 Daemon Server] - 2026-02-14T14:25:10.386Z - Established a connection. Number of open connections: 4
[NX v22.5.1 Daemon Server] - 2026-02-14T14:25:10.387Z - Closed a connection. Number of open connections: 3
[NX v22.5.1 Daemon Server] - 2026-02-14T14:25:10.387Z - Received raw message of length 32
[NX v22.5.1 Daemon Server] - 2026-02-14T14:25:10.387Z - Received json message of type REQUEST_PROJECT_GRAPH
[NX v22.5.1 Daemon Server] - 2026-02-14T14:25:10.387Z - [REQUEST]: Client Request for Project Graph Received
[NX v22.5.1 Daemon Server] - 2026-02-14T14:25:10.389Z - Reusing in-memory cached project graph because no files changed.
[NX v22.5.1 Daemon Server] - 2026-02-14T14:25:10.412Z - Wrote project graph cache to c:\Users\Dell\Downloads\hello\my-monorepo\.nx\workspace-data\project-graph.json
[NX v22.5.1 Daemon Server] - 2026-02-14T14:25:10.413Z - Serializing response for REQUEST_PROJECT_GRAPH message in json mode
[NX v22.5.1 Daemon Server] - 2026-02-14T14:25:10.413Z - Responding to REQUEST_PROJECT_GRAPH message
[NX v22.5.1 Daemon Server] - 2026-02-14T14:25:10.413Z - [REQUEST]: Responding to the client. project-graph
[NX v22.5.1 Daemon Server] - 2026-02-14T14:25:10.414Z - Time taken for 'total for creating and serializing project graph' 25.364399999998568ms
[NX v22.5.1 Daemon Client] - 2026-02-14T14:25:10.421Z - [Messenger] Received message, length: 752736
[NX v22.5.1 Daemon Server] - 2026-02-14T14:25:10.461Z - [SYNC]: @nx/js:typescript-sync changes: 
[NX v22.5.1 Daemon Server] - 2026-02-14T14:25:10.462Z - Time taken for 'run-sync-generator:@nx/js:typescript-sync' 2748.195100000001ms
[NX v22.5.1 Daemon Server] - 2026-02-14T14:25:10.464Z - Done responding to the client project-graph
[NX v22.5.1 Daemon Server] - 2026-02-14T14:25:10.464Z - Handled json message REQUEST_PROJECT_GRAPH. Handling time: 26. Response time: 51.
[NX v22.5.1 Daemon Server] - 2026-02-14T14:25:10.465Z - Closed a connection. Number of open connections: 2
[NX v22.5.1 Daemon Server] - 2026-02-14T14:25:26.659Z - Closed a connection. Number of open connections: 1
[NX v22.5.1 Daemon Server] - 2026-02-14T14:25:35.481Z - [NX-CONSOLE]: Successfully pulled latest Nx to C:\Users\Dell\AppData\Local\Temp\tmp-14308-8COgwevNrVlF
[NX v22.5.1 Daemon Server] - 2026-02-14T14:25:36.230Z - [NX-CONSOLE]: Using local implementation (NX_USE_LOCAL=true or inner call)
DEBUG nx::native::ide::install: Detected editor: Unknown
[NX v22.5.1 Daemon Server] - 2026-02-14T14:25:36.336Z - [NX-CONSOLE]: Console status check completed, shouldPrompt: false
[NX v22.5.1 Daemon Server] - 2026-02-14T14:26:42.185Z - [WATCHER]: Processing file changes in outputs
[NX v22.5.1 Daemon Server] - 2026-02-14T14:26:42.186Z - [WATCHER]: .vscode was deleted
[NX v22.5.1 Daemon Server] - 2026-02-14T14:26:42.186Z - [SYNC]: clearing sync generators cache due to file changes
[NX v22.5.1 Daemon Server] - 2026-02-14T14:26:42.297Z - [REQUEST]: Updated workspace context based on watched changes, recomputing project graph...
[NX v22.5.1 Daemon Server] - 2026-02-14T14:26:42.297Z - [REQUEST]: 
[NX v22.5.1 Daemon Server] - 2026-02-14T14:26:42.297Z - [REQUEST]: .vscode
[NX v22.5.1 Daemon Server] - 2026-02-14T14:26:42.410Z - Time taken for 'hash changed files from watcher' 0.2180999999982305ms
Time for 'plugin worker 5324 code loading' 36.8026
[NX v22.5.1 Daemon Server] - 2026-02-14T14:26:42.491Z - Time taken for 'start-plugin-worker:@nx/next/plugin' 177.39330000001064ms
Time for 'plugin worker 1484 code loading' 40.4821
[NX v22.5.1 Daemon Server] - 2026-02-14T14:26:42.513Z - Time taken for 'start-plugin-worker:@nx/js/typescript' 211.70219999999972ms
[NX v22.5.1 Daemon Server] - 2026-02-14T14:26:42.694Z - Time taken for 'start-plugin-worker:@nx/eslint/plugin' 362.00779999999213ms
Time for 'plugin worker 512 code loading' 87.86510000000001
[NX v22.5.1 Daemon Server] - 2026-02-14T14:26:42.712Z - Time taken for 'start-plugin-worker:@nx/jest/plugin' 350.32540000000154ms
Time for 'plugin worker 8172 code loading' 98.6397
Time for 'plugin worker 2660 code loading' 115.80499999999998
[NX v22.5.1 Daemon Server] - 2026-02-14T14:26:42.759Z - Time taken for 'start-plugin-worker:@nx/cypress/plugin' 411.8524999999936ms
[NX v22.5.1 Daemon Server] - 2026-02-14T14:26:42.771Z - Time taken for 'start-plugin-worker:nx/js/dependencies-and-lockfile' 397.0607000000018ms
Time for 'plugin worker 13364 code loading' 79.5736
[NX v22.5.1 Daemon Server] - 2026-02-14T14:26:42.804Z - Time taken for 'start-plugin-worker:nx/core/project-json' 404.79479999998875ms
Time for 'plugin worker 7104 code loading' 76.77389999999997
Time for 'plugin worker 2828 code loading' 81.4735
[NX v22.5.1 Daemon Server] - 2026-02-14T14:26:42.938Z - Time taken for 'start-plugin-worker:nx/core/package-json' 550.8466999999946ms
Time for 'nx/js/dependencies-and-lockfile:createNodes' 60.8454999999999
Time for '@nx/js/typescript:createNodes' 25.006999999999607
[NX v22.5.1 Daemon Server] - 2026-02-14T14:26:47.304Z - Established a connection. Number of open connections: 2
[NX v22.5.1 Daemon Server] - 2026-02-14T14:26:47.305Z - Closed a connection. Number of open connections: 1
[NX v22.5.1 Daemon Server] - 2026-02-14T14:26:47.307Z - Established a connection. Number of open connections: 2
[NX v22.5.1 Daemon Client] - 2026-02-14T14:26:47.307Z - [Messenger] Setting up socket listeners
[NX v22.5.1 Daemon Client] - 2026-02-14T14:26:47.309Z - [Messenger] listen() complete
[NX v22.5.1 Daemon Client] - 2026-02-14T14:26:47.311Z - [Messenger] Sending message type: HASH_MULTI_GLOB
[NX v22.5.1 Daemon Client] - 2026-02-14T14:26:47.314Z - [Messenger] Message sent
[NX v22.5.1 Daemon Server] - 2026-02-14T14:26:48.688Z - Established a connection. Number of open connections: 3
[NX v22.5.1 Daemon Server] - 2026-02-14T14:26:48.689Z - Closed a connection. Number of open connections: 2
[NX v22.5.1 Daemon Server] - 2026-02-14T14:26:48.692Z - Established a connection. Number of open connections: 3
[NX v22.5.1 Daemon Client] - 2026-02-14T14:26:48.691Z - [Messenger] Setting up socket listeners
[NX v22.5.1 Daemon Client] - 2026-02-14T14:26:48.694Z - [Messenger] listen() complete
[NX v22.5.1 Daemon Client] - 2026-02-14T14:26:48.696Z - [Messenger] Sending message type: HASH_GLOB
[NX v22.5.1 Daemon Client] - 2026-02-14T14:26:48.698Z - [Messenger] Message sent
[NX v22.5.1 Daemon Server] - 2026-02-14T14:26:48.977Z - Established a connection. Number of open connections: 4
[NX v22.5.1 Daemon Server] - 2026-02-14T14:26:48.979Z - Closed a connection. Number of open connections: 3
[NX v22.5.1 Daemon Server] - 2026-02-14T14:26:48.980Z - Established a connection. Number of open connections: 4
[NX v22.5.1 Daemon Client] - 2026-02-14T14:26:48.980Z - [Messenger] Setting up socket listeners
[NX v22.5.1 Daemon Client] - 2026-02-14T14:26:48.983Z - [Messenger] listen() complete
[NX v22.5.1 Daemon Client] - 2026-02-14T14:26:48.985Z - [Messenger] Sending message type: HASH_GLOB
[NX v22.5.1 Daemon Client] - 2026-02-14T14:26:48.986Z - [Messenger] Message sent
[NX v22.5.1 Daemon Server] - 2026-02-14T14:26:49.042Z - Established a connection. Number of open connections: 5
[NX v22.5.1 Daemon Server] - 2026-02-14T14:26:49.045Z - Established a connection. Number of open connections: 6
[NX v22.5.1 Daemon Server] - 2026-02-14T14:26:49.045Z - Closed a connection. Number of open connections: 5
[NX v22.5.1 Daemon Client] - 2026-02-14T14:26:49.045Z - [Messenger] Setting up socket listeners
[NX v22.5.1 Daemon Client] - 2026-02-14T14:26:49.048Z - [Messenger] listen() complete
[NX v22.5.1 Daemon Client] - 2026-02-14T14:26:49.050Z - [Messenger] Sending message type: GLOB
[NX v22.5.1 Daemon Client] - 2026-02-14T14:26:49.052Z - [Messenger] Message sent
Time for 'daemon-message-serialization-HASH_MULTI_GLOB' 0.38839999999981956
[NX v22.5.1 Daemon Server] - 2026-02-14T14:26:49.231Z - Received raw message of length 64
[NX v22.5.1 Daemon Server] - 2026-02-14T14:26:49.231Z - Received json message of type HASH_MULTI_GLOB
[NX v22.5.1 Daemon Server] - 2026-02-14T14:26:49.234Z - Serializing response for HASH_GLOB message in json mode
[NX v22.5.1 Daemon Server] - 2026-02-14T14:26:49.234Z - Responding to HASH_GLOB message
[NX v22.5.1 Daemon Server] - 2026-02-14T14:26:49.235Z - [REQUEST]: Responding to the client. handleHashMultiGlob
[NX v22.5.1 Daemon Server] - 2026-02-14T14:26:49.235Z - Done responding to the client handleHashMultiGlob
[NX v22.5.1 Daemon Server] - 2026-02-14T14:26:49.235Z - Handled json message HASH_GLOB. Handling time: 3. Response time: 1.
[NX v22.5.1 Daemon Client] - 2026-02-14T14:26:49.235Z - [Messenger] Received message, length: 23
Time for 'daemon-message-serialization-HASH_GLOB' 0.27070000000003347
[NX v22.5.1 Daemon Server] - 2026-02-14T14:26:49.269Z - Received raw message of length 63
[NX v22.5.1 Daemon Server] - 2026-02-14T14:26:49.269Z - Received json message of type HASH_GLOB
[NX v22.5.1 Daemon Server] - 2026-02-14T14:26:49.270Z - Serializing response for HASH_GLOB message in json mode
[NX v22.5.1 Daemon Server] - 2026-02-14T14:26:49.271Z - Responding to HASH_GLOB message
[NX v22.5.1 Daemon Server] - 2026-02-14T14:26:49.271Z - [REQUEST]: Responding to the client. handleHashGlob
[NX v22.5.1 Daemon Server] - 2026-02-14T14:26:49.271Z - Done responding to the client handleHashGlob
[NX v22.5.1 Daemon Server] - 2026-02-14T14:26:49.271Z - Handled json message HASH_GLOB. Handling time: 1. Response time: 1.
[NX v22.5.1 Daemon Client] - 2026-02-14T14:26:49.271Z - [Messenger] Received message, length: 21
[NX v22.5.1 Daemon Server] - 2026-02-14T14:26:49.310Z - Closed a connection. Number of open connections: 4
[NX v22.5.1 Daemon Server] - 2026-02-14T14:26:49.338Z - Closed a connection. Number of open connections: 3
Time for 'daemon-message-serialization-HASH_GLOB' 0.3131999999995969
[NX v22.5.1 Daemon Server] - 2026-02-14T14:26:49.421Z - Received raw message of length 67
[NX v22.5.1 Daemon Server] - 2026-02-14T14:26:49.422Z - Received json message of type HASH_GLOB
[NX v22.5.1 Daemon Server] - 2026-02-14T14:26:49.424Z - Serializing response for HASH_GLOB message in json mode
[NX v22.5.1 Daemon Server] - 2026-02-14T14:26:49.424Z - Responding to HASH_GLOB message
[NX v22.5.1 Daemon Server] - 2026-02-14T14:26:49.424Z - [REQUEST]: Responding to the client. handleHashGlob
[NX v22.5.1 Daemon Server] - 2026-02-14T14:26:49.424Z - Done responding to the client handleHashGlob
[NX v22.5.1 Daemon Server] - 2026-02-14T14:26:49.424Z - Handled json message HASH_GLOB. Handling time: 2. Response time: 0.
[NX v22.5.1 Daemon Client] - 2026-02-14T14:26:49.425Z - [Messenger] Received message, length: 21
[NX v22.5.1 Daemon Server] - 2026-02-14T14:26:49.491Z - Closed a connection. Number of open connections: 2
Time for 'daemon-message-serialization-GLOB' 0.48959999999988213
[NX v22.5.1 Daemon Server] - 2026-02-14T14:26:49.524Z - Received raw message of length 73
[NX v22.5.1 Daemon Server] - 2026-02-14T14:26:49.524Z - Received json message of type GLOB
[NX v22.5.1 Daemon Server] - 2026-02-14T14:26:49.527Z - Serializing response for GLOB message in json mode
[NX v22.5.1 Daemon Server] - 2026-02-14T14:26:49.527Z - Responding to GLOB message
[NX v22.5.1 Daemon Server] - 2026-02-14T14:26:49.527Z - [REQUEST]: Responding to the client. handleGlob
[NX v22.5.1 Daemon Client] - 2026-02-14T14:26:49.528Z - [Messenger] Received message, length: 648
[NX v22.5.1 Daemon Server] - 2026-02-14T14:26:49.530Z - Done responding to the client handleGlob
[NX v22.5.1 Daemon Server] - 2026-02-14T14:26:49.530Z - Handled json message GLOB. Handling time: 2. Response time: 4.
[NX v22.5.1 Daemon Client] - 2026-02-14T14:26:49.533Z - [Messenger] Sending message type: HASH_MULTI_GLOB
[NX v22.5.1 Daemon Client] - 2026-02-14T14:26:49.534Z - [Messenger] Message sent
Time for 'GLOB round trip' 478.91010000000006
Time for 'deserialize daemon response - GLOB' 0.5534999999999854
Time for 'daemon-message-serialization-HASH_MULTI_GLOB' 0.0978000000004613
[NX v22.5.1 Daemon Server] - 2026-02-14T14:26:49.536Z - Received raw message of length 297
[NX v22.5.1 Daemon Server] - 2026-02-14T14:26:49.536Z - Received json message of type HASH_MULTI_GLOB
[NX v22.5.1 Daemon Server] - 2026-02-14T14:26:49.538Z - Serializing response for HASH_GLOB message in json mode
[NX v22.5.1 Daemon Server] - 2026-02-14T14:26:49.539Z - Responding to HASH_GLOB message
[NX v22.5.1 Daemon Server] - 2026-02-14T14:26:49.539Z - [REQUEST]: Responding to the client. handleHashMultiGlob
[NX v22.5.1 Daemon Server] - 2026-02-14T14:26:49.539Z - Done responding to the client handleHashMultiGlob
[NX v22.5.1 Daemon Server] - 2026-02-14T14:26:49.539Z - Handled json message HASH_GLOB. Handling time: 2. Response time: 1.
[NX v22.5.1 Daemon Client] - 2026-02-14T14:26:49.539Z - [Messenger] Received message, length: 67
[NX v22.5.1 Daemon Server] - 2026-02-14T14:26:49.625Z - [Server] Daemon outdated: NX_VERSION_CHANGED
[NX v22.5.1 Daemon Server] - 2026-02-14T14:26:49.625Z - [Server] Shutting down daemon (no restart)...
[NX v22.5.1 Daemon Server] - 2026-02-14T14:26:49.741Z - Time taken for 'build-project-configs' 7373.192899999995ms
[NX v22.5.1 Daemon Server] - 2026-02-14T14:26:49.742Z - Closed a connection. Number of open connections: 1
[NX v22.5.1 Daemon Server] - 2026-02-14T14:26:49.742Z - Closed a connection. Number of open connections: 0
[NX v22.5.1 Daemon Server] - 2026-02-14T14:26:49.743Z - [Server] Daemon outdated: NX_VERSION_CHANGED
[NX v22.5.1 Daemon Server] - 2026-02-14T14:26:49.743Z - [Server] Shutting down daemon (no restart)...
[NX v22.5.1 Daemon Server] - 2026-02-14T14:26:49.745Z - [WATCHER]: Stopping the watcher for c:\Users\Dell\Downloads\hello\my-monorepo (sources)
[NX v22.5.1 Daemon Server] - 2026-02-14T14:26:49.746Z - [WATCHER]: Processing file changes in outputs
[NX v22.5.1 Daemon Server] - 2026-02-14T14:26:49.748Z - Time taken for '@nx/js/typescript:createDependencies' 34.21159999999509ms
